<?xml version="1.0" encoding="UTF-8" ?>
<testsuite tests="9" failures="7" name="model.ChiffreTest" time="0.049" errors="0" skipped="0">
  <properties>
[...]
</properties>
  <testcase classname="model.ChiffreTest" name="model.ChiffreTest.testSplit8" time="0.032">
    <failure message="expected: &lt;true&gt; but was: &lt;false&gt;" type="org.opentest4j.AssertionFailedError">org.opentest4j.AssertionFailedError: expected: &lt;true&gt; but was: &lt;false&gt;
	at org.junit.jupiter.api.AssertionUtils.fail(AssertionUtils.java:55)
	at org.junit.jupiter.api.AssertTrue.assertTrue(AssertTrue.java:40)
	at org.junit.jupiter.api.AssertTrue.assertTrue(AssertTrue.java:35)
	at org.junit.jupiter.api.Assertions.assertTrue(Assertions.java:162)
	at model.ChiffreTest.testSplit8(ChiffreTest.java:83)
</failure>
    <system-out>split
</system-out>
  </testcase>
  <testcase classname="model.ChiffreTest" name="model.ChiffreTest.testSetValeur" time="0"/>
  <testcase classname="model.ChiffreTest" name="model.ChiffreTest.testToString32" time="0.015">
    <failure message="expected: &lt;  32&gt; but was: &lt;    &gt;" type="org.opentest4j.AssertionFailedError">org.opentest4j.AssertionFailedError: expected: &lt;  32&gt; but was: &lt;    &gt;
	at org.junit.jupiter.api.AssertionUtils.fail(AssertionUtils.java:55)
	at org.junit.jupiter.api.AssertionUtils.failNotEqual(AssertionUtils.java:62)
	at org.junit.jupiter.api.AssertEquals.assertEquals(AssertEquals.java:182)
	at org.junit.jupiter.api.AssertEquals.assertEquals(AssertEquals.java:177)
	at org.junit.jupiter.api.Assertions.assertEquals(Assertions.java:1124)
	at model.ChiffreTest.testToString32(ChiffreTest.java:38)
</failure>
    <system-out>toString
</system-out>
  </testcase>
  <testcase classname="model.ChiffreTest" name="model.ChiffreTest.testToString2" time="0">
    <failure message="expected: &lt;   2&gt; but was: &lt;   4&gt;" type="org.opentest4j.AssertionFailedError">org.opentest4j.AssertionFailedError: expected: &lt;   2&gt; but was: &lt;   4&gt;
	at org.junit.jupiter.api.AssertionUtils.fail(AssertionUtils.java:55)
	at org.junit.jupiter.api.AssertionUtils.failNotEqual(AssertionUtils.java:62)
	at org.junit.jupiter.api.AssertEquals.assertEquals(AssertEquals.java:182)
	at org.junit.jupiter.api.AssertEquals.assertEquals(AssertEquals.java:177)
	at org.junit.jupiter.api.Assertions.assertEquals(Assertions.java:1124)
	at model.ChiffreTest.testToString2(ChiffreTest.java:28)
</failure>
    <system-out>toString
</system-out>
  </testcase>
  <testcase classname="model.ChiffreTest" name="model.ChiffreTest.testSplit" time="0.001">
    <failure message="expected: &lt;true&gt; but was: &lt;false&gt;" type="org.opentest4j.AssertionFailedError">org.opentest4j.AssertionFailedError: expected: &lt;true&gt; but was: &lt;false&gt;
	at org.junit.jupiter.api.AssertionUtils.fail(AssertionUtils.java:55)
	at org.junit.jupiter.api.AssertTrue.assertTrue(AssertTrue.java:40)
	at org.junit.jupiter.api.AssertTrue.assertTrue(AssertTrue.java:35)
	at org.junit.jupiter.api.Assertions.assertTrue(Assertions.java:162)
	at model.ChiffreTest.testSplit(ChiffreTest.java:66)
</failure>
    <system-out>split
</system-out>
  </testcase>
  <testcase classname="model.ChiffreTest" name="model.ChiffreTest.testToString1024" time="0">
    <failure message="expected: &lt;1024&gt; but was: &lt;    &gt;" type="org.opentest4j.AssertionFailedError">org.opentest4j.AssertionFailedError: expected: &lt;1024&gt; but was: &lt;    &gt;
	at org.junit.jupiter.api.AssertionUtils.fail(AssertionUtils.java:55)
	at org.junit.jupiter.api.AssertionUtils.failNotEqual(AssertionUtils.java:62)
	at org.junit.jupiter.api.AssertEquals.assertEquals(AssertEquals.java:182)
	at org.junit.jupiter.api.AssertEquals.assertEquals(AssertEquals.java:177)
	at org.junit.jupiter.api.Assertions.assertEquals(Assertions.java:1124)
	at model.ChiffreTest.testToString1024(ChiffreTest.java:58)
</failure>
    <system-out>toString
</system-out>
  </testcase>
  <testcase classname="model.ChiffreTest" name="model.ChiffreTest.testSplit4" time="0">
    <failure message="expected: &lt;true&gt; but was: &lt;false&gt;" type="org.opentest4j.AssertionFailedError">org.opentest4j.AssertionFailedError: expected: &lt;true&gt; but was: &lt;false&gt;
	at org.junit.jupiter.api.AssertionUtils.fail(AssertionUtils.java:55)
	at org.junit.jupiter.api.AssertTrue.assertTrue(AssertTrue.java:40)
	at org.junit.jupiter.api.AssertTrue.assertTrue(AssertTrue.java:35)
	at org.junit.jupiter.api.Assertions.assertTrue(Assertions.java:162)
	at model.ChiffreTest.testSplit4(ChiffreTest.java:75)
</failure>
    <system-out>split
</system-out>
  </testcase>
  <testcase classname="model.ChiffreTest" name="model.ChiffreTest.testToString256" time="0.001">
    <failure message="expected: &lt; 256&gt; but was: &lt;    &gt;" type="org.opentest4j.AssertionFailedError">org.opentest4j.AssertionFailedError: expected: &lt; 256&gt; but was: &lt;    &gt;
	at org.junit.jupiter.api.AssertionUtils.fail(AssertionUtils.java:55)
	at org.junit.jupiter.api.AssertionUtils.failNotEqual(AssertionUtils.java:62)
	at org.junit.jupiter.api.AssertEquals.assertEquals(AssertEquals.java:182)
	at org.junit.jupiter.api.AssertEquals.assertEquals(AssertEquals.java:177)
	at org.junit.jupiter.api.Assertions.assertEquals(Assertions.java:1124)
	at model.ChiffreTest.testToString256(ChiffreTest.java:48)
</failure>
    <system-out>toString
</system-out>
  </testcase>
  <testcase classname="model.ChiffreTest" name="model.ChiffreTest.testToString" time="0"/>
</testsuite>